app/build/intermediates/manifest_merge_blame_file/debug/manifest-merger-blame-debug-report.txt
1<?xml version="1.0" encoding="utf-8"?>
2<manifest xmlns:android="http://schemas.android.com/apk/res/android"
3    package="com.example.mydictionary"
4    android:versionCode="1"
5    android:versionName="1.0" >
6
7    <uses-sdk
8        android:minSdkVersion="26"
8-->src\main\AndroidManifest.xml
9        android:targetSdkVersion="29" />
9-->src\main\AndroidManifest.xml
10
11    <application
11-->src\main\AndroidManifest.xml:5:5-33:19
12        android:allowBackup="true"
12-->src\main\AndroidManifest.xml:6:9-35
13        android:appComponentFactory="androidx.core.app.CoreComponentFactory"
13-->[androidx.core:core:1.1.0] AndroidManifest.xml:24:18-86
14        android:debuggable="true"
15        android:extractNativeLibs="false"
16        android:icon="@mipmap/ic_launcher"
16-->src\main\AndroidManifest.xml:7:9-43
17        android:label="@string/app_name"
17-->src\main\AndroidManifest.xml:8:9-41
18        android:roundIcon="@mipmap/ic_launcher_round"
18-->src\main\AndroidManifest.xml:9:9-54
19        android:supportsRtl="true"
19-->src\main\AndroidManifest.xml:10:9-35
20        android:theme="@style/AppTheme" >
20-->src\main\AndroidManifest.xml:11:9-40
21        <activity android:name="activities.DoQuest2Activity" />
21-->src\main\AndroidManifest.xml:12:9-73
21-->src\main\AndroidManifest.xml:12:19-61
22        <activity android:name="activities.QuestActivity" />
22-->src\main\AndroidManifest.xml:13:9-61
22-->src\main\AndroidManifest.xml:13:19-58
23        <activity android:name="activities.AlarmActivity" />
23-->src\main\AndroidManifest.xml:14:9-61
23-->src\main\AndroidManifest.xml:14:19-58
24        <activity android:name="activities.HashtagActivity" />
24-->src\main\AndroidManifest.xml:15:9-63
24-->src\main\AndroidManifest.xml:15:19-60
25        <activity android:name="activities.WordMarkActivity" />
25-->src\main\AndroidManifest.xml:16:9-64
25-->src\main\AndroidManifest.xml:16:19-61
26        <activity android:name="activities.WordDetailActivity" />
26-->src\main\AndroidManifest.xml:17:9-66
26-->src\main\AndroidManifest.xml:17:19-63
27        <activity android:name="activities.AddWordActivity" />
27-->src\main\AndroidManifest.xml:18:9-63
27-->src\main\AndroidManifest.xml:18:19-60
28        <activity android:name="activities.ChangeQuestActivity" />
28-->src\main\AndroidManifest.xml:19:9-67
28-->src\main\AndroidManifest.xml:19:19-64
29        <activity android:name="activities.DoQuestActivity" />
29-->src\main\AndroidManifest.xml:20:9-63
29-->src\main\AndroidManifest.xml:20:19-60
30        <activity android:name="activities.MainActivity" >
30-->src\main\AndroidManifest.xml:21:9-27:20
30-->src\main\AndroidManifest.xml:21:19-57
31            <intent-filter>
31-->src\main\AndroidManifest.xml:22:13-26:29
32                <action android:name="android.intent.action.MAIN" />
32-->src\main\AndroidManifest.xml:23:17-69
32-->src\main\AndroidManifest.xml:23:25-66
33
34                <category android:name="android.intent.category.LAUNCHER" />
34-->src\main\AndroidManifest.xml:25:17-77
34-->src\main\AndroidManifest.xml:25:27-74
35            </intent-filter>
36        </activity>
37
38        <receiver
38-->src\main\AndroidManifest.xml:29:9-32:39
39            android:name="com.example.mydictionary.AlarmReceiver"
39-->src\main\AndroidManifest.xml:30:13-42
40            android:enabled="true"
40-->src\main\AndroidManifest.xml:31:13-35
41            android:exported="true" />
41-->src\main\AndroidManifest.xml:32:13-36
42    </application>
43
44</manifest>